<?xml version="1.0" encoding="UTF-8"?>
<robot generator="Rebot 7.3.2 (Python 3.12.0 on win32)" generated="2025-12-04T19:14:34.436956" rpa="false" schemaversion="5">
<suite id="s1" name="Suites">
<suite id="s1-s1" name="Test Windows, 10, Chrome, 120.0" source="C:\Users\User\Desktop\KBTU\Testing\Automation Assignment\SoftwareTestingLEcture2025\testCases\test.robot">
<test id="s1-s1-t1" name="LOGIN_TEST" line="14">
<kw name="Log in" owner="resources">
<kw name="Create Webdriver" owner="SeleniumLibrary">
<msg time="2025-12-04T19:13:51.032238" level="INFO">Creating an instance of the Remote WebDriver.</msg>
<msg time="2025-12-04T19:13:51.034471" level="INFO">Completed setup!</msg>
<arg>Remote</arg>
<arg>command_executor=${REMOTE_URL}</arg>
<doc>Creates an instance of Selenium WebDriver.</doc>
<status status="PASS" start="2025-12-04T19:13:51.032238" elapsed="5.186338"/>
</kw>
<kw name="Go To" owner="SeleniumLibrary">
<msg time="2025-12-04T19:13:56.220576" level="INFO">Opening url 'https://www.demoblaze.com/'</msg>
<arg>${baseUrl}</arg>
<doc>Navigates the current browser window to the provided ``url``.</doc>
<status status="PASS" start="2025-12-04T19:13:56.219577" elapsed="0.376249"/>
</kw>
<kw name="Maximize Browser Window" owner="SeleniumLibrary">
<doc>Maximizes current browser window.</doc>
<status status="PASS" start="2025-12-04T19:13:56.597329" elapsed="0.727516"/>
</kw>
<kw name="Wait Until Page Contains Element" owner="SeleniumLibrary">
<arg>${logInButton}</arg>
<arg>timeout=80</arg>
<arg>error=logInButtonNotFound</arg>
<doc>Waits until the element ``locator`` appears on the current page.</doc>
<status status="PASS" start="2025-12-04T19:13:57.325843" elapsed="0.391061"/>
</kw>
<kw name="Sleep" owner="BuiltIn">
<msg time="2025-12-04T19:13:58.718822" level="INFO">Slept 1 second.</msg>
<arg>1s</arg>
<doc>Pauses the test executed for the given time.</doc>
<status status="PASS" start="2025-12-04T19:13:57.718408" elapsed="1.000414"/>
</kw>
<kw name="Click Element" owner="SeleniumLibrary">
<msg time="2025-12-04T19:13:58.720832" level="INFO">Clicking element '//*[@id="login2"]'.</msg>
<arg>${logInButton}</arg>
<doc>Click the element identified by ``locator``.</doc>
<status status="PASS" start="2025-12-04T19:13:58.719835" elapsed="0.880952"/>
</kw>
<kw name="Wait Until Page Contains Element" owner="SeleniumLibrary">
<arg>${loginUsernameField}</arg>
<arg>timeout=80</arg>
<arg>error=logInButtonNotFound</arg>
<doc>Waits until the element ``locator`` appears on the current page.</doc>
<status status="PASS" start="2025-12-04T19:13:59.601807" elapsed="0.228195"/>
</kw>
<kw name="Sleep" owner="BuiltIn">
<msg time="2025-12-04T19:14:00.832844" level="INFO">Slept 1 second.</msg>
<arg>1s</arg>
<doc>Pauses the test executed for the given time.</doc>
<status status="PASS" start="2025-12-04T19:13:59.831029" elapsed="1.001815"/>
</kw>
<kw name="Input Text" owner="SeleniumLibrary">
<msg time="2025-12-04T19:14:00.834869" level="INFO">Typing text 'aronTest1' into text field '//*[@id="loginusername"]'.</msg>
<arg>${loginUsernameField}</arg>
<arg>${login}</arg>
<doc>Types the given ``text`` into the text field identified by ``locator``.</doc>
<status status="PASS" start="2025-12-04T19:14:00.833849" elapsed="0.695532"/>
</kw>
<kw name="Input Password" owner="SeleniumLibrary">
<msg time="2025-12-04T19:14:01.530381" level="INFO">Typing password into text field '//*[@id="loginpassword"]'.</msg>
<msg time="2025-12-04T19:14:02.049116" level="INFO">Temporally setting log level to: NONE</msg>
<arg>${loginPasswordField}</arg>
<arg>${password}</arg>
<doc>Types the given password into the text field identified by ``locator``.</doc>
<status status="PASS" start="2025-12-04T19:14:01.530381" elapsed="0.793497"/>
</kw>
<kw name="Sleep" owner="BuiltIn">
<msg time="2025-12-04T19:14:03.325250" level="INFO">Slept 1 second.</msg>
<arg>1s</arg>
<doc>Pauses the test executed for the given time.</doc>
<status status="PASS" start="2025-12-04T19:14:02.324946" elapsed="1.000808"/>
</kw>
<kw name="Click Element" owner="SeleniumLibrary">
<msg time="2025-12-04T19:14:03.326759" level="INFO">Clicking element '//*[@id="logInModal"]/div/div/div[3]/button[2]'.</msg>
<arg>${logInFormButton}</arg>
<doc>Click the element identified by ``locator``.</doc>
<status status="PASS" start="2025-12-04T19:14:03.326759" elapsed="0.913774"/>
</kw>
<kw name="Sleep" owner="BuiltIn">
<msg time="2025-12-04T19:14:06.242709" level="INFO">Slept 2 seconds.</msg>
<arg>2s</arg>
<doc>Pauses the test executed for the given time.</doc>
<status status="PASS" start="2025-12-04T19:14:04.241538" elapsed="2.001171"/>
</kw>
<status status="PASS" start="2025-12-04T19:13:51.031237" elapsed="15.212477"/>
</kw>
<kw name="Close Browser" owner="resources">
<kw name="Close All Browsers" owner="SeleniumLibrary">
<doc>Closes all open browsers and resets the browser cache.</doc>
<status status="PASS" start="2025-12-04T19:14:06.244714" elapsed="1.763310"/>
</kw>
<status status="PASS" start="2025-12-04T19:14:06.244714" elapsed="1.764310"/>
</kw>
<status status="PASS" start="2025-12-04T19:13:51.028659" elapsed="16.980365"/>
</test>
<kw name="Close Browser" owner="resources" type="TEARDOWN">
<kw name="Close All Browsers" owner="SeleniumLibrary">
<doc>Closes all open browsers and resets the browser cache.</doc>
<status status="PASS" start="2025-12-04T19:14:08.011023" elapsed="0.000000"/>
</kw>
<status status="PASS" start="2025-12-04T19:14:08.010024" elapsed="0.000999"/>
</kw>
<status status="PASS" start="2025-12-04T19:13:50.979000" elapsed="16.981000"/>
</suite>
<suite id="s1-s2" name="Test OS X, Monterey, Safari, 15.6" source="C:\Users\User\Desktop\KBTU\Testing\Automation Assignment\SoftwareTestingLEcture2025\testCases\test.robot">
<test id="s1-s2-t1" name="LOGIN_TEST" line="14">
<kw name="Log in" owner="resources">
<kw name="Create Webdriver" owner="SeleniumLibrary">
<msg time="2025-12-04T19:13:52.537283" level="INFO">Creating an instance of the Remote WebDriver.</msg>
<msg time="2025-12-04T19:13:52.539351" level="INFO">Completed setup!</msg>
<arg>Remote</arg>
<arg>command_executor=${REMOTE_URL}</arg>
<doc>Creates an instance of Selenium WebDriver.</doc>
<status status="PASS" start="2025-12-04T19:13:52.537283" elapsed="16.210459"/>
</kw>
<kw name="Go To" owner="SeleniumLibrary">
<msg time="2025-12-04T19:14:08.749744" level="INFO">Opening url 'https://www.demoblaze.com/'</msg>
<arg>${baseUrl}</arg>
<doc>Navigates the current browser window to the provided ``url``.</doc>
<status status="PASS" start="2025-12-04T19:14:08.748743" elapsed="1.582426"/>
</kw>
<kw name="Maximize Browser Window" owner="SeleniumLibrary">
<doc>Maximizes current browser window.</doc>
<status status="PASS" start="2025-12-04T19:14:10.331834" elapsed="2.017163"/>
</kw>
<kw name="Wait Until Page Contains Element" owner="SeleniumLibrary">
<arg>${logInButton}</arg>
<arg>timeout=80</arg>
<arg>error=logInButtonNotFound</arg>
<doc>Waits until the element ``locator`` appears on the current page.</doc>
<status status="PASS" start="2025-12-04T19:14:12.349996" elapsed="0.389950"/>
</kw>
<kw name="Sleep" owner="BuiltIn">
<msg time="2025-12-04T19:14:13.742409" level="INFO">Slept 1 second.</msg>
<arg>1s</arg>
<doc>Pauses the test executed for the given time.</doc>
<status status="PASS" start="2025-12-04T19:14:12.740948" elapsed="1.001967"/>
</kw>
<kw name="Click Element" owner="SeleniumLibrary">
<msg time="2025-12-04T19:14:13.743917" level="INFO">Clicking element '//*[@id="login2"]'.</msg>
<arg>${logInButton}</arg>
<doc>Click the element identified by ``locator``.</doc>
<status status="PASS" start="2025-12-04T19:14:13.743917" elapsed="0.699217"/>
</kw>
<kw name="Wait Until Page Contains Element" owner="SeleniumLibrary">
<arg>${loginUsernameField}</arg>
<arg>timeout=80</arg>
<arg>error=logInButtonNotFound</arg>
<doc>Waits until the element ``locator`` appears on the current page.</doc>
<status status="PASS" start="2025-12-04T19:14:14.444134" elapsed="0.344004"/>
</kw>
<kw name="Sleep" owner="BuiltIn">
<msg time="2025-12-04T19:14:15.789623" level="INFO">Slept 1 second.</msg>
<arg>1s</arg>
<doc>Pauses the test executed for the given time.</doc>
<status status="PASS" start="2025-12-04T19:14:14.789144" elapsed="1.000479"/>
</kw>
<kw name="Input Text" owner="SeleniumLibrary">
<msg time="2025-12-04T19:14:15.791132" level="INFO">Typing text 'aronTest1' into text field '//*[@id="loginusername"]'.</msg>
<arg>${loginUsernameField}</arg>
<arg>${login}</arg>
<doc>Types the given ``text`` into the text field identified by ``locator``.</doc>
<status status="PASS" start="2025-12-04T19:14:15.791132" elapsed="1.138594"/>
</kw>
<kw name="Input Password" owner="SeleniumLibrary">
<msg time="2025-12-04T19:14:16.931232" level="INFO">Typing password into text field '//*[@id="loginpassword"]'.</msg>
<msg time="2025-12-04T19:14:17.732642" level="INFO">Temporally setting log level to: NONE</msg>
<arg>${loginPasswordField}</arg>
<arg>${password}</arg>
<doc>Types the given password into the text field identified by ``locator``.</doc>
<status status="PASS" start="2025-12-04T19:14:16.929726" elapsed="1.281994"/>
</kw>
<kw name="Sleep" owner="BuiltIn">
<msg time="2025-12-04T19:14:19.213037" level="INFO">Slept 1 second.</msg>
<arg>1s</arg>
<doc>Pauses the test executed for the given time.</doc>
<status status="PASS" start="2025-12-04T19:14:18.212726" elapsed="1.000818"/>
</kw>
<kw name="Click Element" owner="SeleniumLibrary">
<msg time="2025-12-04T19:14:19.214545" level="INFO">Clicking element '//*[@id="logInModal"]/div/div/div[3]/button[2]'.</msg>
<arg>${logInFormButton}</arg>
<doc>Click the element identified by ``locator``.</doc>
<status status="PASS" start="2025-12-04T19:14:19.214545" elapsed="0.655017"/>
</kw>
<kw name="Sleep" owner="BuiltIn">
<msg time="2025-12-04T19:14:21.871041" level="INFO">Slept 2 seconds.</msg>
<arg>2s</arg>
<doc>Pauses the test executed for the given time.</doc>
<status status="PASS" start="2025-12-04T19:14:19.869562" elapsed="2.001479"/>
</kw>
<status status="PASS" start="2025-12-04T19:13:52.536283" elapsed="29.335763"/>
</kw>
<kw name="Close Browser" owner="resources">
<kw name="Close All Browsers" owner="SeleniumLibrary">
<doc>Closes all open browsers and resets the browser cache.</doc>
<status status="PASS" start="2025-12-04T19:14:21.873046" elapsed="1.862592"/>
</kw>
<status status="PASS" start="2025-12-04T19:14:21.873046" elapsed="1.863598"/>
</kw>
<status status="PASS" start="2025-12-04T19:13:52.535282" elapsed="31.202363"/>
</test>
<kw name="Close Browser" owner="resources" type="TEARDOWN">
<kw name="Close All Browsers" owner="SeleniumLibrary">
<doc>Closes all open browsers and resets the browser cache.</doc>
<status status="PASS" start="2025-12-04T19:14:23.739742" elapsed="0.001006"/>
</kw>
<status status="PASS" start="2025-12-04T19:14:23.737645" elapsed="0.003103"/>
</kw>
<status status="PASS" start="2025-12-04T19:13:52.488346" elapsed="31.253400"/>
</suite>
<suite id="s1-s3" name="Test Windows, 10, Firefox" source="C:\Users\User\Desktop\KBTU\Testing\Automation Assignment\SoftwareTestingLEcture2025\testCases\test.robot">
<test id="s1-s3-t1" name="LOGIN_TEST" line="14">
<kw name="Log in" owner="resources">
<kw name="Create Webdriver" owner="SeleniumLibrary">
<msg time="2025-12-04T19:13:51.191320" level="INFO">Creating an instance of the Remote WebDriver.</msg>
<msg time="2025-12-04T19:13:51.192827" level="INFO">Completed setup!</msg>
<arg>Remote</arg>
<arg>command_executor=${REMOTE_URL}</arg>
<doc>Creates an instance of Selenium WebDriver.</doc>
<status status="PASS" start="2025-12-04T19:13:51.190816" elapsed="13.886137"/>
</kw>
<kw name="Go To" owner="SeleniumLibrary">
<msg time="2025-12-04T19:14:05.078456" level="INFO">Opening url 'https://www.demoblaze.com/'</msg>
<arg>${baseUrl}</arg>
<doc>Navigates the current browser window to the provided ``url``.</doc>
<status status="PASS" start="2025-12-04T19:14:05.077952" elapsed="1.305774"/>
</kw>
<kw name="Maximize Browser Window" owner="SeleniumLibrary">
<doc>Maximizes current browser window.</doc>
<status status="PASS" start="2025-12-04T19:14:06.384720" elapsed="0.677618"/>
</kw>
<kw name="Wait Until Page Contains Element" owner="SeleniumLibrary">
<arg>${logInButton}</arg>
<arg>timeout=80</arg>
<arg>error=logInButtonNotFound</arg>
<doc>Waits until the element ``locator`` appears on the current page.</doc>
<status status="PASS" start="2025-12-04T19:14:07.063857" elapsed="0.220297"/>
</kw>
<kw name="Sleep" owner="BuiltIn">
<msg time="2025-12-04T19:14:08.285614" level="INFO">Slept 1 second.</msg>
<arg>1s</arg>
<doc>Pauses the test executed for the given time.</doc>
<status status="PASS" start="2025-12-04T19:14:07.285151" elapsed="1.000993"/>
</kw>
<kw name="Click Element" owner="SeleniumLibrary">
<msg time="2025-12-04T19:14:08.287710" level="INFO">Clicking element '//*[@id="login2"]'.</msg>
<arg>${logInButton}</arg>
<doc>Click the element identified by ``locator``.</doc>
<status status="PASS" start="2025-12-04T19:14:08.287181" elapsed="0.490255"/>
</kw>
<kw name="Wait Until Page Contains Element" owner="SeleniumLibrary">
<arg>${loginUsernameField}</arg>
<arg>timeout=80</arg>
<arg>error=logInButtonNotFound</arg>
<doc>Waits until the element ``locator`` appears on the current page.</doc>
<status status="PASS" start="2025-12-04T19:14:08.777940" elapsed="0.186152"/>
</kw>
<kw name="Sleep" owner="BuiltIn">
<msg time="2025-12-04T19:14:09.966515" level="INFO">Slept 1 second.</msg>
<arg>1s</arg>
<doc>Pauses the test executed for the given time.</doc>
<status status="PASS" start="2025-12-04T19:14:08.965098" elapsed="1.001941"/>
</kw>
<kw name="Input Text" owner="SeleniumLibrary">
<msg time="2025-12-04T19:14:09.968607" level="INFO">Typing text 'aronTest1' into text field '//*[@id="loginusername"]'.</msg>
<arg>${loginUsernameField}</arg>
<arg>${login}</arg>
<doc>Types the given ``text`` into the text field identified by ``locator``.</doc>
<status status="PASS" start="2025-12-04T19:14:09.968084" elapsed="1.021634"/>
</kw>
<kw name="Input Password" owner="SeleniumLibrary">
<msg time="2025-12-04T19:14:10.991332" level="INFO">Typing password into text field '//*[@id="loginpassword"]'.</msg>
<msg time="2025-12-04T19:14:11.421621" level="INFO">Temporally setting log level to: NONE</msg>
<arg>${loginPasswordField}</arg>
<arg>${password}</arg>
<doc>Types the given password into the text field identified by ``locator``.</doc>
<status status="PASS" start="2025-12-04T19:14:10.990820" elapsed="0.704182"/>
</kw>
<kw name="Sleep" owner="BuiltIn">
<msg time="2025-12-04T19:14:12.696481" level="INFO">Slept 1 second.</msg>
<arg>1s</arg>
<doc>Pauses the test executed for the given time.</doc>
<status status="PASS" start="2025-12-04T19:14:11.696000" elapsed="1.000481"/>
</kw>
<kw name="Click Element" owner="SeleniumLibrary">
<msg time="2025-12-04T19:14:12.698489" level="INFO">Clicking element '//*[@id="logInModal"]/div/div/div[3]/button[2]'.</msg>
<arg>${logInFormButton}</arg>
<doc>Click the element identified by ``locator``.</doc>
<status status="PASS" start="2025-12-04T19:14:12.698489" elapsed="0.452025"/>
</kw>
<kw name="Sleep" owner="BuiltIn">
<msg time="2025-12-04T19:14:15.153003" level="INFO">Slept 2 seconds.</msg>
<arg>2s</arg>
<doc>Pauses the test executed for the given time.</doc>
<status status="PASS" start="2025-12-04T19:14:13.151516" elapsed="2.001996"/>
</kw>
<status status="PASS" start="2025-12-04T19:13:51.189817" elapsed="23.963695"/>
</kw>
<kw name="Close Browser" owner="resources">
<kw name="Close All Browsers" owner="SeleniumLibrary">
<doc>Closes all open browsers and resets the browser cache.</doc>
<status status="PASS" start="2025-12-04T19:14:15.154513" elapsed="1.042794"/>
</kw>
<status status="PASS" start="2025-12-04T19:14:15.154513" elapsed="1.043792"/>
</kw>
<status status="PASS" start="2025-12-04T19:13:51.187730" elapsed="25.010575"/>
</test>
<kw name="Close Browser" owner="resources" type="TEARDOWN">
<kw name="Close All Browsers" owner="SeleniumLibrary">
<doc>Closes all open browsers and resets the browser cache.</doc>
<status status="PASS" start="2025-12-04T19:14:16.200308" elapsed="0.000587"/>
</kw>
<status status="PASS" start="2025-12-04T19:14:16.199306" elapsed="0.001589"/>
</kw>
<status status="PASS" start="2025-12-04T19:13:51.136416" elapsed="25.065484"/>
</suite>
<doc>[https://pabot.org/?ref=log|Pabot] result from 3 executions.</doc>
<status status="PASS" start="2025-12-04T19:13:50.979000" elapsed="32.762000"/>
</suite>
<statistics>
<total>
<stat pass="3" fail="0" skip="0">All Tests</stat>
</total>
<tag>
</tag>
<suite>
<stat name="Suites" id="s1" pass="3" fail="0" skip="0">Suites</stat>
<stat name="Test Windows, 10, Chrome, 120.0" id="s1-s1" pass="1" fail="0" skip="0">Suites.Test Windows, 10, Chrome, 120.0</stat>
<stat name="Test OS X, Monterey, Safari, 15.6" id="s1-s2" pass="1" fail="0" skip="0">Suites.Test OS X, Monterey, Safari, 15.6</stat>
<stat name="Test Windows, 10, Firefox" id="s1-s3" pass="1" fail="0" skip="0">Suites.Test Windows, 10, Firefox</stat>
</suite>
</statistics>
<errors>
</errors>
</robot>
