<?xml version="1.0" encoding="UTF-8"?>
<robot generator="Robot 7.3.2 (Python 3.12.0 on win32)" generated="2025-10-22T21:16:40.967666" rpa="false" schemaversion="5">
<suite id="s1" name="SoftwareTestingLEcture2025" source="C:\Users\User\Desktop\KBTU\Testing\Automation Assignment\SoftwareTestingLEcture2025">
<suite id="s1-s1" name="testCases" source="C:\Users\User\Desktop\KBTU\Testing\Automation Assignment\SoftwareTestingLEcture2025\testCases">
<suite id="s1-s1-s1" name="Test" source="C:\Users\User\Desktop\KBTU\Testing\Automation Assignment\SoftwareTestingLEcture2025\testCases\test.robot">
<test id="s1-s1-s1-t1" name="CONTACT_FUNCTIONALITY" line="15">
<kw name="Contact" owner="resources">
<kw name="Open Browser" owner="SeleniumLibrary">
<msg time="2025-10-22T21:16:41.168203" level="INFO">Opening browser 'Chrome' to base url 'https://www.demoblaze.com/'.</msg>
<arg>${baseUrl}</arg>
<arg>Chrome</arg>
<arg>options=binary_location=r"C:\\Users\\User\\Desktop\\KBTU\\Testing\\chrome-win64\\chrome.exe"</arg>
<doc>Opens a new browser instance to the optional ``url``.</doc>
<status status="PASS" start="2025-10-22T21:16:41.167204" elapsed="2.636511"/>
</kw>
<kw name="Maximize Browser Window" owner="SeleniumLibrary">
<doc>Maximizes current browser window.</doc>
<status status="PASS" start="2025-10-22T21:16:43.803715" elapsed="0.030195"/>
</kw>
<kw name="Wait Until Page Contains Element" owner="SeleniumLibrary">
<arg>${contactNav}</arg>
<arg>timeout=80</arg>
<arg>error=contactNavNotFound</arg>
<doc>Waits until the element ``locator`` appears on the current page.</doc>
<status status="PASS" start="2025-10-22T21:16:43.833910" elapsed="0.009000"/>
</kw>
<kw name="Sleep" owner="BuiltIn">
<msg time="2025-10-22T21:16:44.843432" level="INFO">Slept 1 second.</msg>
<arg>1s</arg>
<doc>Pauses the test executed for the given time.</doc>
<status status="PASS" start="2025-10-22T21:16:43.842910" elapsed="1.000522"/>
</kw>
<kw name="Click Element" owner="SeleniumLibrary">
<msg time="2025-10-22T21:16:44.843432" level="INFO">Clicking element '//*[@id="navbarExample"]/ul/li[2]/a'.</msg>
<arg>${contactNav}</arg>
<doc>Click the element identified by ``locator``.</doc>
<status status="PASS" start="2025-10-22T21:16:44.843432" elapsed="0.048005"/>
</kw>
<kw name="Wait Until Page Contains Element" owner="SeleniumLibrary">
<arg>${contactEmailField}</arg>
<arg>timeout=80</arg>
<arg>error=contactEmailFieldNotFound</arg>
<doc>Waits until the element ``locator`` appears on the current page.</doc>
<status status="PASS" start="2025-10-22T21:16:44.891437" elapsed="0.010000"/>
</kw>
<kw name="Sleep" owner="BuiltIn">
<msg time="2025-10-22T21:16:46.901680" level="INFO">Slept 2 seconds.</msg>
<arg>2s</arg>
<doc>Pauses the test executed for the given time.</doc>
<status status="PASS" start="2025-10-22T21:16:44.901437" elapsed="2.000243"/>
</kw>
<kw name="Input Text" owner="SeleniumLibrary">
<msg time="2025-10-22T21:16:46.902187" level="INFO">Typing text 'goida@mail.ru' into text field '//*[@id="recipient-email"]'.</msg>
<arg>${contactEmailField}</arg>
<arg>${contactEmailText}</arg>
<doc>Types the given ``text`` into the text field identified by ``locator``.</doc>
<status status="PASS" start="2025-10-22T21:16:46.901680" elapsed="0.063045"/>
</kw>
<kw name="Input Text" owner="SeleniumLibrary">
<msg time="2025-10-22T21:16:46.964725" level="INFO">Typing text 'zzz' into text field '//*[@id="recipient-name"]'.</msg>
<arg>${contactNameField}</arg>
<arg>${contactNameText}</arg>
<doc>Types the given ``text`` into the text field identified by ``locator``.</doc>
<status status="PASS" start="2025-10-22T21:16:46.964725" elapsed="0.047000"/>
</kw>
<kw name="Input Text" owner="SeleniumLibrary">
<msg time="2025-10-22T21:16:47.012725" level="INFO">Typing text 'goal!' into text field '//*[@id="message-text"]'.</msg>
<arg>${contactMessageField}</arg>
<arg>${contactMessageText}</arg>
<doc>Types the given ``text`` into the text field identified by ``locator``.</doc>
<status status="PASS" start="2025-10-22T21:16:47.012725" elapsed="0.046062"/>
</kw>
<kw name="Click Element" owner="SeleniumLibrary">
<msg time="2025-10-22T21:16:47.058787" level="INFO">Clicking element '//button[normalize-space(.)="Send message"]'.</msg>
<arg>${contactSendMessageButton}</arg>
<doc>Click the element identified by ``locator``.</doc>
<status status="PASS" start="2025-10-22T21:16:47.058787" elapsed="0.043999"/>
</kw>
<kw name="Sleep" owner="BuiltIn">
<msg time="2025-10-22T21:16:49.103676" level="INFO">Slept 2 seconds.</msg>
<arg>2s</arg>
<doc>Pauses the test executed for the given time.</doc>
<status status="PASS" start="2025-10-22T21:16:47.102786" elapsed="2.000890"/>
</kw>
<kw name="Alert Should Be Present" owner="SeleniumLibrary">
<msg time="2025-10-22T21:16:49.103676" level="INFO">HANDLE::&lt;class 'NoneType'&gt;::None</msg>
<arg>Thanks for the message!!</arg>
<doc>Verifies that an alert is present and by default, accepts it.</doc>
<status status="PASS" start="2025-10-22T21:16:49.103676" elapsed="0.005021"/>
</kw>
<status status="PASS" start="2025-10-22T21:16:41.167204" elapsed="7.941493"/>
</kw>
<status status="PASS" start="2025-10-22T21:16:41.166205" elapsed="7.942492"/>
</test>
<kw name="Close Browser" owner="resources" type="TEARDOWN">
<kw name="Close All Browsers" owner="SeleniumLibrary">
<doc>Closes all open browsers and resets the browser cache.</doc>
<status status="PASS" start="2025-10-22T21:16:49.109699" elapsed="2.250812"/>
</kw>
<status status="PASS" start="2025-10-22T21:16:49.109699" elapsed="2.250812"/>
</kw>
<status status="PASS" start="2025-10-22T21:16:40.984664" elapsed="10.375847"/>
</suite>
<status status="PASS" start="2025-10-22T21:16:40.983668" elapsed="10.378841"/>
</suite>
<status status="PASS" start="2025-10-22T21:16:40.968666" elapsed="10.393843"/>
</suite>
<statistics>
<total>
<stat pass="1" fail="0" skip="0">All Tests</stat>
</total>
<tag>
</tag>
<suite>
<stat name="SoftwareTestingLEcture2025" id="s1" pass="1" fail="0" skip="0">SoftwareTestingLEcture2025</stat>
<stat name="testCases" id="s1-s1" pass="1" fail="0" skip="0">SoftwareTestingLEcture2025.testCases</stat>
<stat name="Test" id="s1-s1-s1" pass="1" fail="0" skip="0">SoftwareTestingLEcture2025.testCases.Test</stat>
</suite>
</statistics>
<errors>
</errors>
</robot>
