<robot generator="Robot 7.3.2 (Python 3.12.0 on win32)" generated="2025-12-04T19:13:50.977098" rpa="false" schemaversion="5">
<statistics>
<total>
<stat pass="1" fail="0" skip="0">All Tests</stat>
</total>
<tag>
</tag>
<suite>
<stat name="Test" id="s1" pass="1" fail="0" skip="0">Test</stat>
</suite>
</statistics>
<suite name="Suites" id="s0"><suite id="s1" name="Test Windows, 10, Chrome, 120.0" source="C:\Users\User\Desktop\KBTU\Testing\Automation Assignment\SoftwareTestingLEcture2025\testCases\test.robot">
<test id="s1-t1" name="LOGIN_TEST" line="14">
<kw name="Log in" owner="resources">
<kw name="Create Webdriver" owner="SeleniumLibrary">
<msg time="2025-12-04T19:13:51.032238" level="INFO">Creating an instance of the Remote WebDriver.</msg>
<msg time="2025-12-04T19:13:51.034471" level="INFO">Completed setup!</msg>
<arg>Remote</arg>
<arg>command_executor=${REMOTE_URL}</arg>
<doc>Creates an instance of Selenium WebDriver.</doc>
<status status="PASS" start="2025-12-04T19:13:51.032238" elapsed="5.186338" />
</kw>
<kw name="Go To" owner="SeleniumLibrary">
<msg time="2025-12-04T19:13:56.220576" level="INFO">Opening url 'https://www.demoblaze.com/'</msg>
<arg>${baseUrl}</arg>
<doc>Navigates the current browser window to the provided ``url``.</doc>
<status status="PASS" start="2025-12-04T19:13:56.219577" elapsed="0.376249" />
</kw>
<kw name="Maximize Browser Window" owner="SeleniumLibrary">
<doc>Maximizes current browser window.</doc>
<status status="PASS" start="2025-12-04T19:13:56.597329" elapsed="0.727516" />
</kw>
<kw name="Wait Until Page Contains Element" owner="SeleniumLibrary">
<arg>${logInButton}</arg>
<arg>timeout=80</arg>
<arg>error=logInButtonNotFound</arg>
<doc>Waits until the element ``locator`` appears on the current page.</doc>
<status status="PASS" start="2025-12-04T19:13:57.325843" elapsed="0.391061" />
</kw>
<kw name="Sleep" owner="BuiltIn">
<msg time="2025-12-04T19:13:58.718822" level="INFO">Slept 1 second.</msg>
<arg>1s</arg>
<doc>Pauses the test executed for the given time.</doc>
<status status="PASS" start="2025-12-04T19:13:57.718408" elapsed="1.000414" />
</kw>
<kw name="Click Element" owner="SeleniumLibrary">
<msg time="2025-12-04T19:13:58.720832" level="INFO">Clicking element '//*[@id="login2"]'.</msg>
<arg>${logInButton}</arg>
<doc>Click the element identified by ``locator``.</doc>
<status status="PASS" start="2025-12-04T19:13:58.719835" elapsed="0.880952" />
</kw>
<kw name="Wait Until Page Contains Element" owner="SeleniumLibrary">
<arg>${loginUsernameField}</arg>
<arg>timeout=80</arg>
<arg>error=logInButtonNotFound</arg>
<doc>Waits until the element ``locator`` appears on the current page.</doc>
<status status="PASS" start="2025-12-04T19:13:59.601807" elapsed="0.228195" />
</kw>
<kw name="Sleep" owner="BuiltIn">
<msg time="2025-12-04T19:14:00.832844" level="INFO">Slept 1 second.</msg>
<arg>1s</arg>
<doc>Pauses the test executed for the given time.</doc>
<status status="PASS" start="2025-12-04T19:13:59.831029" elapsed="1.001815" />
</kw>
<kw name="Input Text" owner="SeleniumLibrary">
<msg time="2025-12-04T19:14:00.834869" level="INFO">Typing text 'aronTest1' into text field '//*[@id="loginusername"]'.</msg>
<arg>${loginUsernameField}</arg>
<arg>${login}</arg>
<doc>Types the given ``text`` into the text field identified by ``locator``.</doc>
<status status="PASS" start="2025-12-04T19:14:00.833849" elapsed="0.695532" />
</kw>
<kw name="Input Password" owner="SeleniumLibrary">
<msg time="2025-12-04T19:14:01.530381" level="INFO">Typing password into text field '//*[@id="loginpassword"]'.</msg>
<msg time="2025-12-04T19:14:02.049116" level="INFO">Temporally setting log level to: NONE</msg>
<arg>${loginPasswordField}</arg>
<arg>${password}</arg>
<doc>Types the given password into the text field identified by ``locator``.</doc>
<status status="PASS" start="2025-12-04T19:14:01.530381" elapsed="0.793497" />
</kw>
<kw name="Sleep" owner="BuiltIn">
<msg time="2025-12-04T19:14:03.325250" level="INFO">Slept 1 second.</msg>
<arg>1s</arg>
<doc>Pauses the test executed for the given time.</doc>
<status status="PASS" start="2025-12-04T19:14:02.324946" elapsed="1.000808" />
</kw>
<kw name="Click Element" owner="SeleniumLibrary">
<msg time="2025-12-04T19:14:03.326759" level="INFO">Clicking element '//*[@id="logInModal"]/div/div/div[3]/button[2]'.</msg>
<arg>${logInFormButton}</arg>
<doc>Click the element identified by ``locator``.</doc>
<status status="PASS" start="2025-12-04T19:14:03.326759" elapsed="0.913774" />
</kw>
<kw name="Sleep" owner="BuiltIn">
<msg time="2025-12-04T19:14:06.242709" level="INFO">Slept 2 seconds.</msg>
<arg>2s</arg>
<doc>Pauses the test executed for the given time.</doc>
<status status="PASS" start="2025-12-04T19:14:04.241538" elapsed="2.001171" />
</kw>
<status status="PASS" start="2025-12-04T19:13:51.031237" elapsed="15.212477" />
</kw>
<kw name="Close Browser" owner="resources">
<kw name="Close All Browsers" owner="SeleniumLibrary">
<doc>Closes all open browsers and resets the browser cache.</doc>
<status status="PASS" start="2025-12-04T19:14:06.244714" elapsed="1.763310" />
</kw>
<status status="PASS" start="2025-12-04T19:14:06.244714" elapsed="1.764310" />
</kw>
<status status="PASS" start="2025-12-04T19:13:51.028659" elapsed="16.980365" />
</test>
<kw name="Close Browser" owner="resources" type="TEARDOWN">
<kw name="Close All Browsers" owner="SeleniumLibrary">
<doc>Closes all open browsers and resets the browser cache.</doc>
<status status="PASS" start="2025-12-04T19:14:08.011023" elapsed="0.000000" />
</kw>
<status status="PASS" start="2025-12-04T19:14:08.010024" elapsed="0.000999" />
</kw>
<status status="PASS" start="2025-12-04T19:13:50.979615" elapsed="17.032912" />
</suite>
<status status="PASS" start="2025-12-04T19:13:50.979615" elapsed="17.032912" />
</suite><errors>
</errors>
</robot>